ERROR - 2026-04-06 07:04:27 --> Error connecting to the database: mysqli_sql_exception: Access denied for user ''@'localhost' (using password: NO) in C:\xampp\htdocs\lab11_php_ci\ci4\system\Database\MySQLi\Connection.php:201
Stack trace:
#0 C:\xampp\htdocs\lab11_php_ci\ci4\system\Database\MySQLi\Connection.php(201): mysqli->real_connect('localhost', '', Object(SensitiveParameterValue), '', 3306, '', 0)
#1 C:\xampp\htdocs\lab11_php_ci\ci4\system\Database\BaseConnection.php(419): CodeIgniter\Database\MySQLi\Connection->connect(false)
#2 C:\xampp\htdocs\lab11_php_ci\ci4\system\Database\BaseConnection.php(654): CodeIgniter\Database\BaseConnection->initialize()
#3 C:\xampp\htdocs\lab11_php_ci\ci4\system\Database\BaseBuilder.php(1649): CodeIgniter\Database\BaseConnection->query('SELECT *\nFROM `...', Array, false)
#4 C:\xampp\htdocs\lab11_php_ci\ci4\system\Model.php(254): CodeIgniter\Database\BaseBuilder->get()
#5 C:\xampp\htdocs\lab11_php_ci\ci4\system\BaseModel.php(675): CodeIgniter\Model->doFindAll(0, 0)
#6 C:\xampp\htdocs\lab11_php_ci\ci4\app\Controllers\Page.php(31): CodeIgniter\BaseModel->findAll()
#7 C:\xampp\htdocs\lab11_php_ci\ci4\system\CodeIgniter.php(951): App\Controllers\Page->artikel()
#8 C:\xampp\htdocs\lab11_php_ci\ci4\system\CodeIgniter.php(497): CodeIgniter\CodeIgniter->runController(Object(App\Controllers\Page))
#9 C:\xampp\htdocs\lab11_php_ci\ci4\system\CodeIgniter.php(340): CodeIgniter\CodeIgniter->handleRequest(NULL, Object(Config\Cache), false)
#10 C:\xampp\htdocs\lab11_php_ci\ci4\system\Boot.php(417): CodeIgniter\CodeIgniter->run()
#11 C:\xampp\htdocs\lab11_php_ci\ci4\system\Boot.php(68): CodeIgniter\Boot::runCodeIgniter(Object(CodeIgniter\CodeIgniter))
#12 C:\xampp\htdocs\lab11_php_ci\ci4\public\index.php(59): CodeIgniter\Boot::bootWeb(Object(Config\Paths))
#13 C:\xampp\htdocs\lab11_php_ci\ci4\system\rewrite.php(44): require_once('C:\\xampp\\htdocs...')
#14 {main}

Next CodeIgniter\Database\Exceptions\DatabaseException: Access denied for user ''@'localhost' (using password: NO) in C:\xampp\htdocs\lab11_php_ci\ci4\system\Database\MySQLi\Connection.php:231
Stack trace:
#0 C:\xampp\htdocs\lab11_php_ci\ci4\system\Database\BaseConnection.php(419): CodeIgniter\Database\MySQLi\Connection->connect(false)
#1 C:\xampp\htdocs\lab11_php_ci\ci4\system\Database\BaseConnection.php(654): CodeIgniter\Database\BaseConnection->initialize()
#2 C:\xampp\htdocs\lab11_php_ci\ci4\system\Database\BaseBuilder.php(1649): CodeIgniter\Database\BaseConnection->query('SELECT *\nFROM `...', Array, false)
#3 C:\xampp\htdocs\lab11_php_ci\ci4\system\Model.php(254): CodeIgniter\Database\BaseBuilder->get()
#4 C:\xampp\htdocs\lab11_php_ci\ci4\system\BaseModel.php(675): CodeIgniter\Model->doFindAll(0, 0)
#5 C:\xampp\htdocs\lab11_php_ci\ci4\app\Controllers\Page.php(31): CodeIgniter\BaseModel->findAll()
#6 C:\xampp\htdocs\lab11_php_ci\ci4\system\CodeIgniter.php(951): App\Controllers\Page->artikel()
#7 C:\xampp\htdocs\lab11_php_ci\ci4\system\CodeIgniter.php(497): CodeIgniter\CodeIgniter->runController(Object(App\Controllers\Page))
#8 C:\xampp\htdocs\lab11_php_ci\ci4\system\CodeIgniter.php(340): CodeIgniter\CodeIgniter->handleRequest(NULL, Object(Config\Cache), false)
#9 C:\xampp\htdocs\lab11_php_ci\ci4\system\Boot.php(417): CodeIgniter\CodeIgniter->run()
#10 C:\xampp\htdocs\lab11_php_ci\ci4\system\Boot.php(68): CodeIgniter\Boot::runCodeIgniter(Object(CodeIgniter\CodeIgniter))
#11 C:\xampp\htdocs\lab11_php_ci\ci4\public\index.php(59): CodeIgniter\Boot::bootWeb(Object(Config\Paths))
#12 C:\xampp\htdocs\lab11_php_ci\ci4\system\rewrite.php(44): require_once('C:\\xampp\\htdocs...')
#13 {main}
CRITICAL - 2026-04-06 07:04:27 --> CodeIgniter\Database\Exceptions\DatabaseException: Unable to connect to the database.
Main connection [MySQLi]: Access denied for user ''@'localhost' (using password: NO)
[Method: GET, Route: artikel]
in SYSTEMPATH\Database\BaseConnection.php on line 465.
 1 SYSTEMPATH\Database\BaseConnection.php(654): CodeIgniter\Database\BaseConnection->initialize()
 2 SYSTEMPATH\Database\BaseBuilder.php(1649): CodeIgniter\Database\BaseConnection->query('SELECT *
FROM `artikel`', [], false)
 3 SYSTEMPATH\Model.php(254): CodeIgniter\Database\BaseBuilder->get()
 4 SYSTEMPATH\BaseModel.php(675): CodeIgniter\Model->doFindAll(0, 0)
 5 APPPATH\Controllers\Page.php(31): CodeIgniter\BaseModel->findAll()
 6 SYSTEMPATH\CodeIgniter.php(951): App\Controllers\Page->artikel()
 7 SYSTEMPATH\CodeIgniter.php(497): CodeIgniter\CodeIgniter->runController(Object(App\Controllers\Page))
 8 SYSTEMPATH\CodeIgniter.php(340): CodeIgniter\CodeIgniter->handleRequest(null, Object(Config\Cache), false)
 9 SYSTEMPATH\Boot.php(417): CodeIgniter\CodeIgniter->run()
10 SYSTEMPATH\Boot.php(68): CodeIgniter\Boot::runCodeIgniter(Object(CodeIgniter\CodeIgniter))
11 FCPATH\index.php(59): CodeIgniter\Boot::bootWeb(Object(Config\Paths))
12 SYSTEMPATH\rewrite.php(44): require_once('C:\\xampp\\htdocs\\lab11_php_ci\\ci4\\public\\index.php')
CRITICAL - 2026-04-06 07:08:41 --> ErrorException: Undefined variable $title
[Method: GET, Route: artikel/tambah]
in APPPATH\Views\template\header.php on line 5.
 1 APPPATH\Views\template\header.php(5): CodeIgniter\Debug\Exceptions->errorHandler(2, 'Undefined variable $title', 'C:\\xampp\\htdocs\\lab11_php_ci\\ci4\\app\\Views\\template\\header.php', 5)
 2 SYSTEMPATH\View\View.php(238): include('C:\\xampp\\htdocs\\lab11_php_ci\\ci4\\app\\Views\\template\\header.php')
 3 SYSTEMPATH\View\View.php(241): CodeIgniter\View\View->CodeIgniter\View\{closure}()
 4 SYSTEMPATH\View\View.php(487): CodeIgniter\View\View->render('template/header', null, true)
 5 APPPATH\Views\artikel\tambah.php(1): CodeIgniter\View\View->include('template/header')
 6 SYSTEMPATH\View\View.php(238): include('C:\\xampp\\htdocs\\lab11_php_ci\\ci4\\app\\Views\\artikel\\tambah.php')
 7 SYSTEMPATH\View\View.php(241): CodeIgniter\View\View->CodeIgniter\View\{closure}()
 8 SYSTEMPATH\Common.php(1250): CodeIgniter\View\View->render('artikel/tambah', [], true)
 9 APPPATH\Controllers\Artikel.php(20): view('artikel/tambah')
10 SYSTEMPATH\CodeIgniter.php(951): App\Controllers\Artikel->tambah()
11 SYSTEMPATH\CodeIgniter.php(497): CodeIgniter\CodeIgniter->runController(Object(App\Controllers\Artikel))
12 SYSTEMPATH\CodeIgniter.php(340): CodeIgniter\CodeIgniter->handleRequest(null, Object(Config\Cache), false)
13 SYSTEMPATH\Boot.php(417): CodeIgniter\CodeIgniter->run()
14 SYSTEMPATH\Boot.php(68): CodeIgniter\Boot::runCodeIgniter(Object(CodeIgniter\CodeIgniter))
15 FCPATH\index.php(59): CodeIgniter\Boot::bootWeb(Object(Config\Paths))
16 SYSTEMPATH\rewrite.php(44): require_once('C:\\xampp\\htdocs\\lab11_php_ci\\ci4\\public\\index.php')
CRITICAL - 2026-04-06 07:08:45 --> ErrorException: Undefined variable $title
[Method: GET, Route: artikel/tambah]
in APPPATH\Views\template\header.php on line 5.
 1 APPPATH\Views\template\header.php(5): CodeIgniter\Debug\Exceptions->errorHandler(2, 'Undefined variable $title', 'C:\\xampp\\htdocs\\lab11_php_ci\\ci4\\app\\Views\\template\\header.php', 5)
 2 SYSTEMPATH\View\View.php(238): include('C:\\xampp\\htdocs\\lab11_php_ci\\ci4\\app\\Views\\template\\header.php')
 3 SYSTEMPATH\View\View.php(241): CodeIgniter\View\View->CodeIgniter\View\{closure}()
 4 SYSTEMPATH\View\View.php(487): CodeIgniter\View\View->render('template/header', null, true)
 5 APPPATH\Views\artikel\tambah.php(1): CodeIgniter\View\View->include('template/header')
 6 SYSTEMPATH\View\View.php(238): include('C:\\xampp\\htdocs\\lab11_php_ci\\ci4\\app\\Views\\artikel\\tambah.php')
 7 SYSTEMPATH\View\View.php(241): CodeIgniter\View\View->CodeIgniter\View\{closure}()
 8 SYSTEMPATH\Common.php(1250): CodeIgniter\View\View->render('artikel/tambah', [], true)
 9 APPPATH\Controllers\Artikel.php(20): view('artikel/tambah')
10 SYSTEMPATH\CodeIgniter.php(951): App\Controllers\Artikel->tambah()
11 SYSTEMPATH\CodeIgniter.php(497): CodeIgniter\CodeIgniter->runController(Object(App\Controllers\Artikel))
12 SYSTEMPATH\CodeIgniter.php(340): CodeIgniter\CodeIgniter->handleRequest(null, Object(Config\Cache), false)
13 SYSTEMPATH\Boot.php(417): CodeIgniter\CodeIgniter->run()
14 SYSTEMPATH\Boot.php(68): CodeIgniter\Boot::runCodeIgniter(Object(CodeIgniter\CodeIgniter))
15 FCPATH\index.php(59): CodeIgniter\Boot::bootWeb(Object(Config\Paths))
16 SYSTEMPATH\rewrite.php(44): require_once('C:\\xampp\\htdocs\\lab11_php_ci\\ci4\\public\\index.php')
CRITICAL - 2026-04-06 07:09:38 --> ErrorException: Undefined variable $title
[Method: GET, Route: artikel/tambah]
in APPPATH\Views\template\header.php on line 5.
 1 APPPATH\Views\template\header.php(5): CodeIgniter\Debug\Exceptions->errorHandler(2, 'Undefined variable $title', 'C:\\xampp\\htdocs\\lab11_php_ci\\ci4\\app\\Views\\template\\header.php', 5)
 2 SYSTEMPATH\View\View.php(238): include('C:\\xampp\\htdocs\\lab11_php_ci\\ci4\\app\\Views\\template\\header.php')
 3 SYSTEMPATH\View\View.php(241): CodeIgniter\View\View->CodeIgniter\View\{closure}()
 4 SYSTEMPATH\View\View.php(487): CodeIgniter\View\View->render('template/header', null, true)
 5 APPPATH\Views\artikel\tambah.php(1): CodeIgniter\View\View->include('template/header')
 6 SYSTEMPATH\View\View.php(238): include('C:\\xampp\\htdocs\\lab11_php_ci\\ci4\\app\\Views\\artikel\\tambah.php')
 7 SYSTEMPATH\View\View.php(241): CodeIgniter\View\View->CodeIgniter\View\{closure}()
 8 SYSTEMPATH\Common.php(1250): CodeIgniter\View\View->render('artikel/tambah', [], true)
 9 APPPATH\Controllers\Artikel.php(20): view('artikel/tambah')
10 SYSTEMPATH\CodeIgniter.php(951): App\Controllers\Artikel->tambah()
11 SYSTEMPATH\CodeIgniter.php(497): CodeIgniter\CodeIgniter->runController(Object(App\Controllers\Artikel))
12 SYSTEMPATH\CodeIgniter.php(340): CodeIgniter\CodeIgniter->handleRequest(null, Object(Config\Cache), false)
13 SYSTEMPATH\Boot.php(417): CodeIgniter\CodeIgniter->run()
14 SYSTEMPATH\Boot.php(68): CodeIgniter\Boot::runCodeIgniter(Object(CodeIgniter\CodeIgniter))
15 FCPATH\index.php(59): CodeIgniter\Boot::bootWeb(Object(Config\Paths))
16 SYSTEMPATH\rewrite.php(44): require_once('C:\\xampp\\htdocs\\lab11_php_ci\\ci4\\public\\index.php')
CRITICAL - 2026-04-06 07:09:41 --> ErrorException: Undefined variable $title
[Method: GET, Route: artikel/tambah]
in APPPATH\Views\template\header.php on line 5.
 1 APPPATH\Views\template\header.php(5): CodeIgniter\Debug\Exceptions->errorHandler(2, 'Undefined variable $title', 'C:\\xampp\\htdocs\\lab11_php_ci\\ci4\\app\\Views\\template\\header.php', 5)
 2 SYSTEMPATH\View\View.php(238): include('C:\\xampp\\htdocs\\lab11_php_ci\\ci4\\app\\Views\\template\\header.php')
 3 SYSTEMPATH\View\View.php(241): CodeIgniter\View\View->CodeIgniter\View\{closure}()
 4 SYSTEMPATH\View\View.php(487): CodeIgniter\View\View->render('template/header', null, true)
 5 APPPATH\Views\artikel\tambah.php(1): CodeIgniter\View\View->include('template/header')
 6 SYSTEMPATH\View\View.php(238): include('C:\\xampp\\htdocs\\lab11_php_ci\\ci4\\app\\Views\\artikel\\tambah.php')
 7 SYSTEMPATH\View\View.php(241): CodeIgniter\View\View->CodeIgniter\View\{closure}()
 8 SYSTEMPATH\Common.php(1250): CodeIgniter\View\View->render('artikel/tambah', [], true)
 9 APPPATH\Controllers\Artikel.php(20): view('artikel/tambah')
10 SYSTEMPATH\CodeIgniter.php(951): App\Controllers\Artikel->tambah()
11 SYSTEMPATH\CodeIgniter.php(497): CodeIgniter\CodeIgniter->runController(Object(App\Controllers\Artikel))
12 SYSTEMPATH\CodeIgniter.php(340): CodeIgniter\CodeIgniter->handleRequest(null, Object(Config\Cache), false)
13 SYSTEMPATH\Boot.php(417): CodeIgniter\CodeIgniter->run()
14 SYSTEMPATH\Boot.php(68): CodeIgniter\Boot::runCodeIgniter(Object(CodeIgniter\CodeIgniter))
15 FCPATH\index.php(59): CodeIgniter\Boot::bootWeb(Object(Config\Paths))
16 SYSTEMPATH\rewrite.php(44): require_once('C:\\xampp\\htdocs\\lab11_php_ci\\ci4\\public\\index.php')
CRITICAL - 2026-04-06 07:09:43 --> ErrorException: Undefined variable $title
[Method: GET, Route: artikel/tambah]
in APPPATH\Views\template\header.php on line 5.
 1 APPPATH\Views\template\header.php(5): CodeIgniter\Debug\Exceptions->errorHandler(2, 'Undefined variable $title', 'C:\\xampp\\htdocs\\lab11_php_ci\\ci4\\app\\Views\\template\\header.php', 5)
 2 SYSTEMPATH\View\View.php(238): include('C:\\xampp\\htdocs\\lab11_php_ci\\ci4\\app\\Views\\template\\header.php')
 3 SYSTEMPATH\View\View.php(241): CodeIgniter\View\View->CodeIgniter\View\{closure}()
 4 SYSTEMPATH\View\View.php(487): CodeIgniter\View\View->render('template/header', null, true)
 5 APPPATH\Views\artikel\tambah.php(1): CodeIgniter\View\View->include('template/header')
 6 SYSTEMPATH\View\View.php(238): include('C:\\xampp\\htdocs\\lab11_php_ci\\ci4\\app\\Views\\artikel\\tambah.php')
 7 SYSTEMPATH\View\View.php(241): CodeIgniter\View\View->CodeIgniter\View\{closure}()
 8 SYSTEMPATH\Common.php(1250): CodeIgniter\View\View->render('artikel/tambah', [], true)
 9 APPPATH\Controllers\Artikel.php(20): view('artikel/tambah')
10 SYSTEMPATH\CodeIgniter.php(951): App\Controllers\Artikel->tambah()
11 SYSTEMPATH\CodeIgniter.php(497): CodeIgniter\CodeIgniter->runController(Object(App\Controllers\Artikel))
12 SYSTEMPATH\CodeIgniter.php(340): CodeIgniter\CodeIgniter->handleRequest(null, Object(Config\Cache), false)
13 SYSTEMPATH\Boot.php(417): CodeIgniter\CodeIgniter->run()
14 SYSTEMPATH\Boot.php(68): CodeIgniter\Boot::runCodeIgniter(Object(CodeIgniter\CodeIgniter))
15 FCPATH\index.php(59): CodeIgniter\Boot::bootWeb(Object(Config\Paths))
16 SYSTEMPATH\rewrite.php(44): require_once('C:\\xampp\\htdocs\\lab11_php_ci\\ci4\\public\\index.php')
